INFO: [VRFC 10-2263] Analyzing Verilog file "G:/Project/Code/CDC/Single_Bit/fast_to_slow/knotting/single_f2s.v" into library xil_defaultlib
WARNING: [VRFC 10-159] /* in comment [G:/Project/Code/CDC/Single_Bit/fast_to_slow/knotting/single_f2s.v:4]
WARNING: [VRFC 10-159] /* in comment [G:/Project/Code/CDC/Single_Bit/fast_to_slow/knotting/single_f2s.v:5]
WARNING: [VRFC 10-159] /* in comment [G:/Project/Code/CDC/Single_Bit/fast_to_slow/knotting/single_f2s.v:6]
WARNING: [VRFC 10-159] /* in comment [G:/Project/Code/CDC/Single_Bit/fast_to_slow/knotting/single_f2s.v:7]
WARNING: [VRFC 10-159] /* in comment [G:/Project/Code/CDC/Single_Bit/fast_to_slow/knotting/single_f2s.v:8]
WARNING: [VRFC 10-159] /* in comment [G:/Project/Code/CDC/Single_Bit/fast_to_slow/knotting/single_f2s.v:9]
WARNING: [VRFC 10-159] /* in comment [G:/Project/Code/CDC/Single_Bit/fast_to_slow/knotting/single_f2s.v:10]
WARNING: [VRFC 10-159] /* in comment [G:/Project/Code/CDC/Single_Bit/fast_to_slow/knotting/single_f2s.v:11]
WARNING: [VRFC 10-159] /* in comment [G:/Project/Code/CDC/Single_Bit/fast_to_slow/knotting/single_f2s.v:12]
WARNING: [VRFC 10-159] /* in comment [G:/Project/Code/CDC/Single_Bit/fast_to_slow/knotting/single_f2s.v:13]
WARNING: [VRFC 10-159] /* in comment [G:/Project/Code/CDC/Single_Bit/fast_to_slow/knotting/single_f2s.v:14]
INFO: [VRFC 10-311] analyzing module single_f2s
INFO: [VRFC 10-2263] Analyzing Verilog file "G:/Project/Code/CDC/Single_Bit/fast_to_slow/knotting/tb_single_f2s.v" into library xil_defaultlib
WARNING: [VRFC 10-159] /* in comment [G:/Project/Code/CDC/Single_Bit/fast_to_slow/knotting/tb_single_f2s.v:4]
WARNING: [VRFC 10-159] /* in comment [G:/Project/Code/CDC/Single_Bit/fast_to_slow/knotting/tb_single_f2s.v:5]
WARNING: [VRFC 10-159] /* in comment [G:/Project/Code/CDC/Single_Bit/fast_to_slow/knotting/tb_single_f2s.v:6]
WARNING: [VRFC 10-159] /* in comment [G:/Project/Code/CDC/Single_Bit/fast_to_slow/knotting/tb_single_f2s.v:7]
WARNING: [VRFC 10-159] /* in comment [G:/Project/Code/CDC/Single_Bit/fast_to_slow/knotting/tb_single_f2s.v:8]
WARNING: [VRFC 10-159] /* in comment [G:/Project/Code/CDC/Single_Bit/fast_to_slow/knotting/tb_single_f2s.v:9]
WARNING: [VRFC 10-159] /* in comment [G:/Project/Code/CDC/Single_Bit/fast_to_slow/knotting/tb_single_f2s.v:10]
INFO: [VRFC 10-311] analyzing module tb_single_f2s
INFO: [VRFC 10-2263] Analyzing Verilog file "G:/Project/Code/CDC/Single_Bit/fast_to_slow/knotting/single_f2s/single_f2s.sim/sim_1/behav/xsim/glbl.v" into library xil_defaultlib
INFO: [VRFC 10-311] analyzing module glbl
